# JRE version: 7.0_07-b11
# Java VM: Java HotSpot(TM) Client VM (23.3-b01 mixed mode, sharing windows-x86 )
Heap
 def new generation   total 8256K, used 3375K [0x23fb0000, 0x248a0000, 0x29500000)
  eden space 7360K,  45% used [0x23fb0000, 0x242fbe98, 0x246e0000)
  from space 896K,   0% used [0x246e0000, 0x246e0000, 0x247c0000)
  to   space 896K,   0% used [0x247c0000, 0x247c0000, 0x248a0000)
 tenured generation   total 18240K, used 11451K [0x29500000, 0x2a6d0000, 0x33fb0000)
   the space 18240K,  62% used [0x29500000, 0x2a02ed58, 0x2a02ee00, 0x2a6d0000)
 compacting perm gen  total 12288K, used 1245K [0x33fb0000, 0x34bb0000, 0x37fb0000)
   the space 12288K,  10% used [0x33fb0000, 0x340e7578, 0x340e7600, 0x34bb0000)
    ro space 10240K,  42% used [0x37fb0000, 0x383ef150, 0x383ef200, 0x389b0000)
    rw space 12288K,  54% used [0x389b0000, 0x3902fad8, 0x3902fc00, 0x395b0000)
GC Heap History (10 events):
Event: 2.489 GC heap before
{Heap before GC invocations=5 (full 1):
 def new generation   total 8256K, used 7867K [0x23fb0000, 0x248a0000, 0x29500000)
  eden space 7360K, 100% used [0x23fb0000, 0x246e0000, 0x246e0000)
  from space 896K,  56% used [0x247c0000, 0x2483ed60, 0x248a0000)
  to   space 896K,   0% used [0x246e0000, 0x246e0000, 0x247c0000)
 tenured generation   total 18240K, used 10943K [0x29500000, 0x2a6d0000, 0x33fb0000)
   the space 18240K,  59% used [0x29500000, 0x29fafff8, 0x29fb0000, 0x2a6d0000)
 compacting perm gen  total 12288K, used 1245K [0x33fb0000, 0x34bb0000, 0x37fb0000)
   the space 12288K,  10% used [0x33fb0000, 0x340e7558, 0x340e7600, 0x34bb0000)
    ro space 10240K,  42% used [0x37fb0000, 0x383ef150, 0x383ef200, 0x389b0000)
    rw space 12288K,  54% used [0x389b0000, 0x3902fad8, 0x3902fc00, 0x395b0000)
Event: 2.490 GC heap after
Heap after GC invocations=6 (full 1):
 def new generation   total 8256K, used 0K [0x23fb0000, 0x248a0000, 0x29500000)
  eden space 7360K,   0% used [0x23fb0000, 0x23fb0000, 0x246e0000)
  from space 896K,   0% used [0x246e0000, 0x246e0000, 0x247c0000)
  to   space 896K,   0% used [0x247c0000, 0x247c0000, 0x248a0000)
 tenured generation   total 18240K, used 11451K [0x29500000, 0x2a6d0000, 0x33fb0000)
   the space 18240K,  62% used [0x29500000, 0x2a02ed58, 0x2a02ee00, 0x2a6d0000)
 compacting perm gen  total 12288K, used 1245K [0x33fb0000, 0x34bb0000, 0x37fb0000)
   the space 12288K,  10% used [0x33fb0000, 0x340e7558, 0x340e7600, 0x34bb0000)
    ro space 10240K,  42% used [0x37fb0000, 0x383ef150, 0x383ef200, 0x389b0000)
    rw space 12288K,  54% used [0x389b0000, 0x3902fad8, 0x3902fc00, 0x395b0000)
}
Event: 2.500 GC heap before
{Heap before GC invocations=6 (full 1):
 def new generation   total 8256K, used 7360K [0x23fb0000, 0x248a0000, 0x29500000)
  eden space 7360K, 100% used [0x23fb0000, 0x246e0000, 0x246e0000)
  from space 896K,   0% used [0x246e0000, 0x246e0000, 0x247c0000)
  to   space 896K,   0% used [0x247c0000, 0x247c0000, 0x248a0000)
 tenured generation   total 18240K, used 11451K [0x29500000, 0x2a6d0000, 0x33fb0000)
   the space 18240K,  62% used [0x29500000, 0x2a02ed58, 0x2a02ee00, 0x2a6d0000)
 compacting perm gen  total 12288K, used 1245K [0x33fb0000, 0x34bb0000, 0x37fb0000)
   the space 12288K,  10% used [0x33fb0000, 0x340e7558, 0x340e7600, 0x34bb0000)
    ro space 10240K,  42% used [0x37fb0000, 0x383ef150, 0x383ef200, 0x389b0000)
    rw space 12288K,  54% used [0x389b0000, 0x3902fad8, 0x3902fc00, 0x395b0000)
Event: 2.500 GC heap after
Heap after GC invocations=7 (full 1):
 def new generation   total 8256K, used 0K [0x23fb0000, 0x248a0000, 0x29500000)
  eden space 7360K,   0% used [0x23fb0000, 0x23fb0000, 0x246e0000)
  from space 896K,   0% used [0x247c0000, 0x247c0000, 0x248a0000)
  to   space 896K,   0% used [0x246e0000, 0x246e0000, 0x247c0000)
 tenured generation   total 18240K, used 11451K [0x29500000, 0x2a6d0000, 0x33fb0000)
   the space 18240K,  62% used [0x29500000, 0x2a02ed58, 0x2a02ee00, 0x2a6d0000)
 compacting perm gen  total 12288K, used 1245K [0x33fb0000, 0x34bb0000, 0x37fb0000)
   the space 12288K,  10% used [0x33fb0000, 0x340e7558, 0x340e7600, 0x34bb0000)
    ro space 10240K,  42% used [0x37fb0000, 0x383ef150, 0x383ef200, 0x389b0000)
    rw space 12288K,  54% used [0x389b0000, 0x3902fad8, 0x3902fc00, 0x395b0000)
}
Event: 2.510 GC heap before
{Heap before GC invocations=7 (full 1):
 def new generation   total 8256K, used 7360K [0x23fb0000, 0x248a0000, 0x29500000)
  eden space 7360K, 100% used [0x23fb0000, 0x246e0000, 0x246e0000)
  from space 896K,   0% used [0x247c0000, 0x247c0000, 0x248a0000)
  to   space 896K,   0% used [0x246e0000, 0x246e0000, 0x247c0000)
 tenured generation   total 18240K, used 11451K [0x29500000, 0x2a6d0000, 0x33fb0000)
   the space 18240K,  62% used [0x29500000, 0x2a02ed58, 0x2a02ee00, 0x2a6d0000)
 compacting perm gen  total 12288K, used 1245K [0x33fb0000, 0x34bb0000, 0x37fb0000)
   the space 12288K,  10% used [0x33fb0000, 0x340e7558, 0x340e7600, 0x34bb0000)
    ro space 10240K,  42% used [0x37fb0000, 0x383ef150, 0x383ef200, 0x389b0000)
    rw space 12288K,  54% used [0x389b0000, 0x3902fad8, 0x3902fc00, 0x395b0000)
Event: 2.510 GC heap after
Heap after GC invocations=8 (full 1):
 def new generation   total 8256K, used 0K [0x23fb0000, 0x248a0000, 0x29500000)
  eden space 7360K,   0% used [0x23fb0000, 0x23fb0000, 0x246e0000)
  from space 896K,   0% used [0x246e0000, 0x246e0018, 0x247c0000)
  to   space 896K,   0% used [0x247c0000, 0x247c0000, 0x248a0000)
 tenured generation   total 18240K, used 11451K [0x29500000, 0x2a6d0000, 0x33fb0000)
   the space 18240K,  62% used [0x29500000, 0x2a02ed58, 0x2a02ee00, 0x2a6d0000)
 compacting perm gen  total 12288K, used 1245K [0x33fb0000, 0x34bb0000, 0x37fb0000)
   the space 12288K,  10% used [0x33fb0000, 0x340e7558, 0x340e7600, 0x34bb0000)
    ro space 10240K,  42% used [0x37fb0000, 0x383ef150, 0x383ef200, 0x389b0000)
    rw space 12288K,  54% used [0x389b0000, 0x3902fad8, 0x3902fc00, 0x395b0000)
}
Event: 2.519 GC heap before
{Heap before GC invocations=8 (full 1):
 def new generation   total 8256K, used 7360K [0x23fb0000, 0x248a0000, 0x29500000)
  eden space 7360K, 100% used [0x23fb0000, 0x246e0000, 0x246e0000)
  from space 896K,   0% used [0x246e0000, 0x246e0018, 0x247c0000)
  to   space 896K,   0% used [0x247c0000, 0x247c0000, 0x248a0000)
 tenured generation   total 18240K, used 11451K [0x29500000, 0x2a6d0000, 0x33fb0000)
   the space 18240K,  62% used [0x29500000, 0x2a02ed58, 0x2a02ee00, 0x2a6d0000)
 compacting perm gen  total 12288K, used 1245K [0x33fb0000, 0x34bb0000, 0x37fb0000)
   the space 12288K,  10% used [0x33fb0000, 0x340e7558, 0x340e7600, 0x34bb0000)
    ro space 10240K,  42% used [0x37fb0000, 0x383ef150, 0x383ef200, 0x389b0000)
    rw space 12288K,  54% used [0x389b0000, 0x3902fad8, 0x3902fc00, 0x395b0000)
Event: 2.520 GC heap after
Heap after GC invocations=9 (full 1):
 def new generation   total 8256K, used 0K [0x23fb0000, 0x248a0000, 0x29500000)
  eden space 7360K,   0% used [0x23fb0000, 0x23fb0000, 0x246e0000)
  from space 896K,   0% used [0x247c0000, 0x247c0000, 0x248a0000)
  to   space 896K,   0% used [0x246e0000, 0x246e0000, 0x247c0000)
 tenured generation   total 18240K, used 11451K [0x29500000, 0x2a6d0000, 0x33fb0000)
   the space 18240K,  62% used [0x29500000, 0x2a02ed58, 0x2a02ee00, 0x2a6d0000)
 compacting perm gen  total 12288K, used 1245K [0x33fb0000, 0x34bb0000, 0x37fb0000)
   the space 12288K,  10% used [0x33fb0000, 0x340e7558, 0x340e7600, 0x34bb0000)
    ro space 10240K,  42% used [0x37fb0000, 0x383ef150, 0x383ef200, 0x389b0000)
    rw space 12288K,  54% used [0x389b0000, 0x3902fad8, 0x3902fc00, 0x395b0000)
}
Event: 2.529 GC heap before
{Heap before GC invocations=9 (full 1):
 def new generation   total 8256K, used 7360K [0x23fb0000, 0x248a0000, 0x29500000)
  eden space 7360K, 100% used [0x23fb0000, 0x246e0000, 0x246e0000)
  from space 896K,   0% used [0x247c0000, 0x247c0000, 0x248a0000)
  to   space 896K,   0% used [0x246e0000, 0x246e0000, 0x247c0000)
 tenured generation   total 18240K, used 11451K [0x29500000, 0x2a6d0000, 0x33fb0000)
   the space 18240K,  62% used [0x29500000, 0x2a02ed58, 0x2a02ee00, 0x2a6d0000)
 compacting perm gen  total 12288K, used 1245K [0x33fb0000, 0x34bb0000, 0x37fb0000)
   the space 12288K,  10% used [0x33fb0000, 0x340e7558, 0x340e7600, 0x34bb0000)
    ro space 10240K,  42% used [0x37fb0000, 0x383ef150, 0x383ef200, 0x389b0000)
    rw space 12288K,  54% used [0x389b0000, 0x3902fad8, 0x3902fc00, 0x395b0000)
Event: 2.530 GC heap after
Heap after GC invocations=10 (full 1):
 def new generation   total 8256K, used 0K [0x23fb0000, 0x248a0000, 0x29500000)
  eden space 7360K,   0% used [0x23fb0000, 0x23fb0000, 0x246e0000)
  from space 896K,   0% used [0x246e0000, 0x246e0000, 0x247c0000)
  to   space 896K,   0% used [0x247c0000, 0x247c0000, 0x248a0000)
 tenured generation   total 18240K, used 11451K [0x29500000, 0x2a6d0000, 0x33fb0000)
   the space 18240K,  62% used [0x29500000, 0x2a02ed58, 0x2a02ee00, 0x2a6d0000)
 compacting perm gen  total 12288K, used 1245K [0x33fb0000, 0x34bb0000, 0x37fb0000)
   the space 12288K,  10% used [0x33fb0000, 0x340e7558, 0x340e7600, 0x34bb0000)
    ro space 10240K,  42% used [0x37fb0000, 0x383ef150, 0x383ef200, 0x389b0000)
    rw space 12288K,  54% used [0x389b0000, 0x3902fad8, 0x3902fc00, 0x395b0000)
}

